Issue: Desktop latest execution misclassifies source-fact changes
Date: 2026-07-10

Scope
- Latest Desktop run inspected:
  /Users/Glare/Library/Application Support/Electron/runtime/runs/RUN-20260709-162416715Z
- Target project:
  /Users/Glare/Library/Developer/ModularProgram/feitianchengzi/arckit-demo

Execution facts
- Run status: completed.
- Runtime result: round_result=continue.
- Controller plan status: planned.
- Controller review status: reviewed.
- Worker route: controller_state_reader, source_fact_worker, verification_worker, closeout_controller.
- Worker outcomes:
  - TASK-01 controller_state_reader: completed.
  - TASK-02 source_fact_worker: completed.
  - TASK-03 verification_worker: partial.
  - TASK-04 closeout_controller: completed.

Positive behavior
- Desktop successfully ran Controller Agent planning before worker dispatch.
- Desktop dispatched the source-fact route rather than implementation_worker for an empty/state-discovery project.
- Workers established a minimal product source fact for the user request:
  task management with todo-list mode, free text editing mode, switching between modes, and returning to list follow-up.
- Workers routed platform, text syntax, fields, storage, sync, visual, tech stack, and validation questions to pending.
- Runtime did not close the round or enter implementation because verification was partial and key unknowns remain.

Main product mismatch
- TASK-02 reported changes as natural-language strings, for example:
  "新增 `arckit/spec/task-management/mode-switching.md`，记录任务管理双模式切换的最小稳定产品规格。"
- Runtime's artifact ownership classifier expects path-like strings.
- Because the change strings include extra prose and backticks, artifact ownership classified all six source/pending files as implementation_artifact.
- Resulting runtime fields are inconsistent with actual project files:
  - artifact_impact_scan.spec=none
  - artifact_impact_scan.pending=none
  - source_projection_check.source_facts_changed=[]
  - artifact_ownership_scan.source_facts_changed=[]
  - artifact_ownership_scan.pending_items=[]
- Actual files created in arckit-demo include:
  - arckit/spec/INDEX.md
  - arckit/spec/task-management/mode-switching.md
  - arckit/spec/_map/feature-matrix.md
  - arckit/spec/_map/RELATIONS.md
  - arckit/pending/INDEX.md
  - arckit/pending/items/2026-07-10-task-management-open-questions.md

Why this matters
- Product expectation says Runtime Kernel owns source/projection boundary validation and ledger gates.
- The current result says source facts changed in prose, but the deterministic ownership scan says no source facts or pending items changed.
- A later ledger gate or UI state derived from these fields may miss real source-fact changes, or treat them as implementation evidence.
- The validator passes because schema only requires changed_files to be string[], not path-like file references.

Secondary mismatch
- Verification worker could not read the detailed files created by source_fact_worker because its allowed_paths only included top-level indexes and ledger/context files.
- For a source_fact_establishment route, verification should receive the emitted changed paths, or Runtime should run a post-worker deterministic ownership scan and extend verification context accordingly.

Current conclusion
- The latest Desktop execution process is directionally aligned with product intent: plan first, source facts before implementation, partial verification prevents closeout.
- The implementation is not yet compliant with product expectations for artifact impact/source-projection accounting because worker changes are not normalized to paths before ownership classification.

Recommended fix direction
- Add structured artifact_impacts to worker reports:
  artifact, operation, claim, summary, evidence.
- Keep changes as human-readable prose only; Runtime must not use it as machine input.
- Runtime should classify artifact_impacts[].artifact with the deterministic ownership map.
- Runtime should reject reports that describe changes but do not include structured artifact_impacts.
- Include artifacts emitted by earlier workers in later worker known_state_paths and allowed_paths for the same round.
- Add validation tests using this run shape: spec and pending artifact impacts must produce spec=source_update, pending=candidate_update, and non-empty source_facts_changed/pending_items.

Fix applied
- worker-report schema now requires artifact_impacts.
- controller-reducer uses artifact_impacts[].artifact for changed_files, ownership scan, and source_projection_check.
- controller-reducer blocks reports that have descriptive changes but no artifact_impacts.
- controller-reducer blocks invalid artifact references, mutating artifact impacts without evidence, and artifact impacts outside worker allowed_paths.
- agent-orchestrator adds previous worker artifact_impacts paths to later worker known_state_paths and allowed_paths.
- worker prompt now explicitly states that changes is human-readable prose and artifact_impacts is the machine-readable artifact contract.

Validation
- npm run check passed in runtime/arckit-runtime.
- Simulated structured artifact_impacts classify:
  - arckit/spec/task-management/mode-switching.md as source_fact.
  - arckit/pending/items/2026-07-10-task-management-open-questions.md as candidate_context.
- Simulated missing artifact_impacts is blocked even when changes contains prose.
- Simulated artifact outside worker allowed_paths is blocked.
- Simulated valid reducer output produces non-empty source_projection_check.source_facts_changed and artifact_ownership_scan.pending_items for the latest-run source_fact_worker shape.

Temporary instrumentation
- None added.
